<?xml version="1.0" encoding="UTF-8"?>
<!-- Generated by org.testng.reporters.JUnitReportReporter -->
<testsuite hostname="DESKTOP-OOHKJP3" failures="0" tests="62" name="Execution.adminUserAccessTest" time="132.456" errors="0" timestamp="2021-07-12T11:14:48 CDT" skipped="0">
  <testcase classname="Execution.adminUserAccessTest" name="testForCertPage" time="3.688"/>
  <system-out/>
  <testcase classname="Execution.adminUserAccessTest" name="userAccessHeaderHome" time="2.896"/>
  <system-out/>
  <testcase classname="Execution.adminUserAccessTest" name="userAccessHeaderReportBuilder" time="2.485"/>
  <system-out/>
  <testcase classname="Execution.adminUserAccessTest" name="userAccessHeaderSiteLinks" time="1.625"/>
  <system-out/>
  <testcase classname="Execution.adminUserAccessTest" name="userAccessHeaderHomeLinks" time="2.862"/>
  <system-out/>
  <testcase classname="Execution.adminUserAccessTest" name="filterByGroup" time="1.579"/>
  <system-out/>
  <testcase classname="Execution.adminUserAccessTest" name="filterByGroupClear" time="0.763"/>
  <system-out/>
  <testcase classname="Execution.adminUserAccessTest" name="filterByName1" time="1.960"/>
  <system-out/>
  <testcase classname="Execution.adminUserAccessTest" name="selectedSysAdmin" time="1.039"/>
  <system-out/>
  <testcase classname="Execution.adminUserAccessTest" name="clickHistory" time="1.926"/>
  <system-out/>
  <testcase classname="Execution.adminUserAccessTest" name="closeHistory" time="1.607"/>
  <system-out/>
  <testcase classname="Execution.adminUserAccessTest" name="cancelPopUpMenu" time="2.058"/>
  <system-out/>
  <testcase classname="Execution.adminUserAccessTest" name="filterByName2" time="4.250"/>
  <system-out/>
  <testcase classname="Execution.adminUserAccessTest" name="selectedSysAdmin2" time="2.612"/>
  <system-out/>
  <testcase classname="Execution.adminUserAccessTest" name="inputAdminCandidate" time="2.116"/>
  <system-out/>
  <testcase classname="Execution.adminUserAccessTest" name="selectAdminCandidate" time="2.623"/>
  <system-out/>
  <testcase classname="Execution.adminUserAccessTest" name="clickAddAdministrator" time="2.630"/>
  <system-out/>
  <testcase classname="Execution.adminUserAccessTest" name="recallSysAdminDialogue" time="2.638"/>
  <system-out/>
  <testcase classname="Execution.adminUserAccessTest" name="verifyAddAdministrator" time="2.539"/>
  <system-out/>
  <testcase classname="Execution.adminUserAccessTest" name="removeAddedAdministrator" time="2.567"/>
  <system-out/>
  <testcase classname="Execution.adminUserAccessTest" name="clickLeftMenuSysAdmins" time="1.638"/>
  <system-out/>
  <testcase classname="Execution.adminUserAccessTest" name="clickLeftUserGroups" time="1.553"/>
  <system-out/>
  <testcase classname="Execution.adminUserAccessTest" name="clickLeftMenuAllGroups" time="1.550"/>
  <system-out/>
  <testcase classname="Execution.adminUserAccessTest" name="clickLeftMenuCreateGroup" time="1.614"/>
  <system-out/>
  <testcase classname="Execution.adminUserAccessTest" name="inputGroupTitle" time="8.391"/>
  <system-out/>
  <testcase classname="Execution.adminUserAccessTest" name="clickSaveButton" time="1.575"/>
  <system-out/>
  <testcase classname="Execution.adminUserAccessTest" name="getNewlyCreatedUserGroup" time="1.591"/>
  <system-out/>
  <testcase classname="Execution.adminUserAccessTest" name="findMemberInputBox" time="2.825"/>
  <system-out/>
  <testcase classname="Execution.adminUserAccessTest" name="selectGroupMember" time="1.519"/>
  <system-out/>
  <testcase classname="Execution.adminUserAccessTest" name="saveNameToGroup1" time="1.525"/>
  <system-out/>
  <testcase classname="Execution.adminUserAccessTest" name="getNewlyCreatedUserGroup2" time="1.533"/>
  <system-out/>
  <testcase classname="Execution.adminUserAccessTest" name="findMemberInputBox2" time="2.901"/>
  <system-out/>
  <testcase classname="Execution.adminUserAccessTest" name="selectGroupMember2" time="1.593"/>
  <system-out/>
  <testcase classname="Execution.adminUserAccessTest" name="saveNameToGroup2" time="1.617"/>
  <system-out/>
  <testcase classname="Execution.adminUserAccessTest" name="getNewlyCreatedUserGroup3" time="1.580"/>
  <system-out/>
  <testcase classname="Execution.adminUserAccessTest" name="getGroupMember1" time="2.533"/>
  <system-out/>
  <testcase classname="Execution.adminUserAccessTest" name="removeGroupMember1" time="2.640"/>
  <system-out/>
  <testcase classname="Execution.adminUserAccessTest" name="getNewlyCreatedUserGroup4" time="1.576"/>
  <system-out/>
  <testcase classname="Execution.adminUserAccessTest" name="deleteUserGroup" time="1.544"/>
  <system-out/>
  <testcase classname="Execution.adminUserAccessTest" name="cancelDeleteUserGroup" time="1.533"/>
  <system-out/>
  <testcase classname="Execution.adminUserAccessTest" name="deleteUserGroup2" time="1.455"/>
  <system-out/>
  <testcase classname="Execution.adminUserAccessTest" name="confirmDeleteUserGroup" time="1.619"/>
  <system-out/>
  <testcase classname="Execution.adminUserAccessTest" name="selectImportGroup" time="1.622"/>
  <system-out/>
  <testcase classname="Execution.adminUserAccessTest" name="cancelDialogueBox" time="1.604"/>
  <system-out/>
  <testcase classname="Execution.adminUserAccessTest" name="selectImportGroup2" time="1.610"/>
  <system-out/>
  <testcase classname="Execution.adminUserAccessTest" name="inputImportGroupTitle" time="5.168"/>
  <system-out/>
  <testcase classname="Execution.adminUserAccessTest" name="selectGroupBasedOnSearch" time="1.575"/>
  <system-out/>
  <testcase classname="Execution.adminUserAccessTest" name="selectImportedGroupOnPage" time="1.604"/>
  <system-out/>
  <testcase classname="Execution.adminUserAccessTest" name="inputImportGroupMember1" time="3.149"/>
  <system-out/>
  <testcase classname="Execution.adminUserAccessTest" name="saveGroup" time="1.599"/>
  <system-out/>
  <testcase classname="Execution.adminUserAccessTest" name="selectImportedGroupOnPage2" time="1.565"/>
  <system-out/>
  <testcase classname="Execution.adminUserAccessTest" name="inputImportGroupMember2" time="4.757"/>
  <system-out/>
  <testcase classname="Execution.adminUserAccessTest" name="saveGroup2" time="1.583"/>
  <system-out/>
  <testcase classname="Execution.adminUserAccessTest" name="selectImportedGroup" time="1.542"/>
  <system-out/>
  <testcase classname="Execution.adminUserAccessTest" name="viewHistory" time="1.623"/>
  <system-out/>
  <testcase classname="Execution.adminUserAccessTest" name="closeViewHistory" time="1.569"/>
  <system-out/>
  <testcase classname="Execution.adminUserAccessTest" name="deleteUserGroup3" time="1.598"/>
  <system-out/>
  <testcase classname="Execution.adminUserAccessTest" name="confirmDeleteUserGroup4" time="1.566"/>
  <system-out/>
  <testcase classname="Execution.adminUserAccessTest" name="runDeleteUserGroup" time="1.582"/>
  <system-out/>
  <testcase classname="Execution.adminUserAccessTest" name="confirmDeleteUserGroup2" time="1.623"/>
  <system-out/>
  <testcase classname="Execution.adminUserAccessTest" name="clickedLeftMenuShowHistory" time="1.566"/>
  <system-out/>
  <testcase classname="Execution.adminUserAccessTest" name="closeShowHistory" time="1.583"/>
  <system-out/>
</testsuite> <!-- Execution.adminUserAccessTest -->
