<?xml version="1.0" encoding="UTF-8"?>
<!-- Generated by org.testng.reporters.JUnitReportReporter -->
<<<<<<< Updated upstream
<testsuite hostname="DESKTOP-OOHKJP3" failures="0" tests="3" name="Execution.reportBuilderWorkflow" time="5.146" errors="0" timestamp="2021-07-21T16:01:33 CDT" skipped="0">
  <testcase classname="Execution.reportBuilderWorkflow" name="testForCertPage" time="1.968"/>
  <system-out/>
  <testcase classname="Execution.reportBuilderWorkflow" name="clickReportBuilder" time="1.491"/>
  <system-out/>
  <testcase classname="Execution.reportBuilderWorkflow" name="inputTextBox01" time="1.687"/>
  <system-out/>
=======
<testsuite hostname="DESKTOP-OOHKJP3" failures="0" tests="8" name="Execution.reportBuilderWorkflow" time="12.202" errors="0" timestamp="2021-07-22T11:43:20 CDT" skipped="0">
  <testcase classname="Execution.reportBuilderWorkflow" name="testForCertPage" time="1.979"/>
  <system-out/>
  <testcase classname="Execution.reportBuilderWorkflow" name="clickReportBuilder" time="1.466"/>
  <system-out/>
  <testcase classname="Execution.reportBuilderWorkflow" name="inputTextBox01" time="1.687"/>
  <system-out/>
  <testcase classname="Execution.reportBuilderWorkflow" name="selectAnd01" time="0.926"/>
  <system-out/>
  <testcase classname="Execution.reportBuilderWorkflow" name="clickServiceButton02" time="1.671"/>
  <system-out/>
  <testcase classname="Execution.reportBuilderWorkflow" name="selectOr01" time="0.912"/>
  <system-out/>
  <testcase classname="Execution.reportBuilderWorkflow" name="inputTextBox03" time="1.630"/>
  <system-out/>
  <testcase classname="Execution.reportBuilderWorkflow" name="clickServiceButton03" time="1.931"/>
  <system-out/>
>>>>>>> Stashed changes
</testsuite> <!-- Execution.reportBuilderWorkflow -->
