<?xml version="1.0" encoding="UTF-8"?>
<!-- Generated by org.testng.reporters.JUnitReportReporter -->
<testsuite hostname="DESKTOP-OOHKJP3" failures="0" tests="12" name="Execution.homePageTest" time="29.469" errors="0" timestamp="2021-06-30T09:21:00 CDT" skipped="0">
  <testcase classname="Execution.homePageTest" name="testForCertPage" time="0.277"/>
  <system-out/>
  <testcase classname="Execution.homePageTest" name="verifyPageTitle" time="0.010"/>
  <system-out/>
  <testcase classname="Execution.homePageTest" name="selectNewRequest" time="2.119"/>
  <system-out/>
  <testcase classname="Execution.homePageTest" name="selectInbox" time="4.011"/>
  <system-out/>
  <testcase classname="Execution.homePageTest" name="selectBookmarks" time="3.267"/>
  <system-out/>
  <testcase classname="Execution.homePageTest" name="selectReportBuilder" time="3.165"/>
  <system-out/>
  <testcase classname="Execution.homePageTest" name="showMoreRecords" time="2.561"/>
  <system-out/>
  <testcase classname="Execution.homePageTest" name="basicSearchNumber" time="2.713"/>
  <system-out/>
  <testcase classname="Execution.homePageTest" name="basicSearchText" time="3.650"/>
  <system-out/>
  <testcase classname="Execution.homePageTest" name="linksDropdown" time="2.093"/>
  <system-out/>
  <testcase classname="Execution.homePageTest" name="helpDropdown" time="1.556"/>
  <system-out/>
  <testcase classname="Execution.homePageTest" name="adminPanelPage" time="4.047"/>
  <system-out/>
</testsuite> <!-- Execution.homePageTest -->
