<?xml version="1.0" encoding="UTF-8"?>
<!-- Generated by org.testng.reporters.JUnitReportReporter -->
<<<<<<< Updated upstream
<testsuite hostname="DESKTOP-OOHKJP3" failures="0" tests="12" name="Execution.homePageTest" time="30.240" errors="0" timestamp="2021-07-14T14:09:38 CDT" skipped="0">
  <testcase classname="Execution.homePageTest" name="testForCertPage" time="2.149"/>
  <system-out/>
  <testcase classname="Execution.homePageTest" name="verifyPageTitle" time="0.020"/>
  <system-out/>
  <testcase classname="Execution.homePageTest" name="selectNewRequest" time="1.764"/>
  <system-out/>
  <testcase classname="Execution.homePageTest" name="selectInbox" time="3.335"/>
  <system-out/>
  <testcase classname="Execution.homePageTest" name="selectBookmarks" time="3.324"/>
  <system-out/>
  <testcase classname="Execution.homePageTest" name="selectReportBuilder" time="3.441"/>
  <system-out/>
  <testcase classname="Execution.homePageTest" name="showMoreRecords" time="2.538"/>
  <system-out/>
  <testcase classname="Execution.homePageTest" name="basicSearchNumber" time="2.757"/>
  <system-out/>
  <testcase classname="Execution.homePageTest" name="basicSearchText" time="3.626"/>
  <system-out/>
  <testcase classname="Execution.homePageTest" name="linksDropdown" time="2.109"/>
  <system-out/>
  <testcase classname="Execution.homePageTest" name="helpDropdown" time="1.557"/>
  <system-out/>
  <testcase classname="Execution.homePageTest" name="adminPanelPage" time="3.620"/>
=======
<testsuite hostname="DESKTOP-OOHKJP3" failures="0" tests="12" name="Execution.homePageTest" time="31.359" errors="0" timestamp="2021-07-21T08:44:55 CDT" skipped="0">
  <testcase classname="Execution.homePageTest" name="testForCertPage" time="2.221"/>
  <system-out/>
  <testcase classname="Execution.homePageTest" name="verifyPageTitle" time="0.040"/>
  <system-out/>
  <testcase classname="Execution.homePageTest" name="selectNewRequest" time="1.974"/>
  <system-out/>
  <testcase classname="Execution.homePageTest" name="selectInbox" time="3.638"/>
  <system-out/>
  <testcase classname="Execution.homePageTest" name="selectBookmarks" time="3.468"/>
  <system-out/>
  <testcase classname="Execution.homePageTest" name="selectReportBuilder" time="3.558"/>
  <system-out/>
  <testcase classname="Execution.homePageTest" name="showMoreRecords" time="2.609"/>
  <system-out/>
  <testcase classname="Execution.homePageTest" name="basicSearchNumber" time="2.777"/>
  <system-out/>
  <testcase classname="Execution.homePageTest" name="basicSearchText" time="3.658"/>
  <system-out/>
  <testcase classname="Execution.homePageTest" name="linksDropdown" time="2.099"/>
  <system-out/>
  <testcase classname="Execution.homePageTest" name="helpDropdown" time="1.556"/>
  <system-out/>
  <testcase classname="Execution.homePageTest" name="adminPanelPage" time="3.761"/>
>>>>>>> Stashed changes
  <system-out/>
</testsuite> <!-- Execution.homePageTest -->
