<?xml version="1.0" encoding="UTF-8"?>
<!-- Generated by org.testng.reporters.JUnitReportReporter -->
<<<<<<< Updated upstream
<<<<<<< Updated upstream
<testsuite hostname="DESKTOP-OOHKJP3" failures="0" tests="5" name="Execution.orgChartWorkflow" time="13.390" errors="0" timestamp="2021-07-20T16:36:23 CDT" skipped="0">
  <testcase classname="Execution.orgChartWorkflow" name="testForCertPage" time="2.038"/>
  <system-out/>
  <testcase classname="Execution.orgChartWorkflow" name="searchByEmployee" time="3.934"/>
  <system-out/>
  <testcase classname="Execution.orgChartWorkflow" name="verifySearchByEmployee" time="0.536"/>
  <system-out/>
  <testcase classname="Execution.orgChartWorkflow" name="searchByPosition" time="6.586"/>
  <system-out/>
  <testcase classname="Execution.orgChartWorkflow" name="verifySearchByPosition" time="0.296"/>
=======
=======
>>>>>>> Stashed changes
<testsuite hostname="DESKTOP-OOHKJP3" failures="0" tests="9" name="Execution.orgChartWorkflow" time="21.116" errors="0" timestamp="2021-07-21T15:00:23 CDT" skipped="0">
  <testcase classname="Execution.orgChartWorkflow" name="testForCertPage" time="2.003"/>
  <system-out/>
  <testcase classname="Execution.orgChartWorkflow" name="searchByEmployee" time="3.964"/>
  <system-out/>
  <testcase classname="Execution.orgChartWorkflow" name="verifySearchByEmployee" time="1.038"/>
  <system-out/>
  <testcase classname="Execution.orgChartWorkflow" name="searchByPosition" time="6.665"/>
  <system-out/>
  <testcase classname="Execution.orgChartWorkflow" name="verifySearchByPosition" time="0.276"/>
  <system-out/>
  <testcase classname="Execution.orgChartWorkflow" name="searchByGroup" time="2.493"/>
  <system-out/>
  <testcase classname="Execution.orgChartWorkflow" name="verifySearchByGroup" time="0.293"/>
  <system-out/>
  <testcase classname="Execution.orgChartWorkflow" name="searchByServices" time="4.111"/>
  <system-out/>
  <testcase classname="Execution.orgChartWorkflow" name="verifySearchByService" time="0.273"/>
<<<<<<< Updated upstream
>>>>>>> Stashed changes
=======
>>>>>>> Stashed changes
  <system-out/>
</testsuite> <!-- Execution.orgChartWorkflow -->
