<?xml version="1.0" encoding="UTF-8"?>
<!-- Generated by org.testng.reporters.JUnitReportReporter -->
<<<<<<< Updated upstream
<<<<<<< Updated upstream
<testsuite hostname="DESKTOP-OOHKJP3" failures="0" tests="26" name="Execution.adminPageTest" time="72.371" errors="0" timestamp="2021-07-14T14:09:38 CDT" skipped="0">
  <testcase classname="Execution.adminPageTest" name="testForCertPage" time="2.394"/>
  <system-out/>
  <testcase classname="Execution.adminPageTest" name="verifyAdminPageTitle" time="0.022"/>
  <system-out/>
  <testcase classname="Execution.adminPageTest" name="adminHeaderHome" time="2.285"/>
  <system-out/>
  <testcase classname="Execution.adminPageTest" name="adminHeaderReportBuilder" time="3.341"/>
  <system-out/>
  <testcase classname="Execution.adminPageTest" name="adminHeaderSiteLinks" time="2.594"/>
  <system-out/>
  <testcase classname="Execution.adminPageTest" name="headerAdminHomeLinks" time="3.382"/>
  <system-out/>
  <testcase classname="Execution.adminPageTest" name="headerAdminUserAccessGroups" time="2.089"/>
  <system-out/>
  <testcase classname="Execution.adminPageTest" name="adminUserAccessGroupsLink" time="2.886"/>
  <system-out/>
  <testcase classname="Execution.adminPageTest" name="adminServiceChiefsLabel" time="2.755"/>
  <system-out/>
  <testcase classname="Execution.adminPageTest" name="adminWorkflowEditorButton" time="2.349"/>
  <system-out/>
  <testcase classname="Execution.adminPageTest" name="adminFormEditorButton" time="2.856"/>
  <system-out/>
  <testcase classname="Execution.adminPageTest" name="adminLeafLibraryButton" time="2.723"/>
  <system-out/>
  <testcase classname="Execution.adminPageTest" name="adminSiteSettingsButton" time="2.786"/>
  <system-out/>
  <testcase classname="Execution.adminPageTest" name="adminReportBuilderButton" time="3.126"/>
  <system-out/>
  <testcase classname="Execution.adminPageTest" name="adminTimelineExplorerButtonl" time="3.600"/>
  <system-out/>
  <testcase classname="Execution.adminPageTest" name="adminTemplateEditorButton" time="2.961"/>
  <system-out/>
  <testcase classname="Execution.adminPageTest" name="adminEmailTemplateEditorButton" time="3.174"/>
  <system-out/>
  <testcase classname="Execution.adminPageTest" name="adminLEAFProgrammerButton" time="2.821"/>
  <system-out/>
  <testcase classname="Execution.adminPageTest" name="adminFileManagerButton" time="2.760"/>
  <system-out/>
  <testcase classname="Execution.adminPageTest" name="adminSearchDatabaseButton" time="2.560"/>
  <system-out/>
  <testcase classname="Execution.adminPageTest" name="adminSyncServicesButton" time="2.660"/>
  <system-out/>
  <testcase classname="Execution.adminPageTest" name="adminUpdateDatabaseButton" time="2.701"/>
  <system-out/>
  <testcase classname="Execution.adminPageTest" name="adminImportSpreadsheetButton" time="5.039"/>
  <system-out/>
  <testcase classname="Execution.adminPageTest" name="adminMassActionsButton" time="2.712"/>
  <system-out/>
  <testcase classname="Execution.adminPageTest" name="adminInitiatorNewAccountButton" time="2.900"/>
  <system-out/>
  <testcase classname="Execution.adminPageTest" name="adminSitemapEditorButton" time="2.895"/>
=======
=======
>>>>>>> Stashed changes
<testsuite hostname="DESKTOP-OOHKJP3" failures="0" tests="26" name="Execution.adminPageTest" time="72.034" errors="0" timestamp="2021-07-21T08:44:55 CDT" skipped="0">
  <testcase classname="Execution.adminPageTest" name="testForCertPage" time="2.467"/>
  <system-out/>
  <testcase classname="Execution.adminPageTest" name="verifyAdminPageTitle" time="0.010"/>
  <system-out/>
  <testcase classname="Execution.adminPageTest" name="adminHeaderHome" time="2.392"/>
  <system-out/>
  <testcase classname="Execution.adminPageTest" name="adminHeaderReportBuilder" time="3.556"/>
  <system-out/>
  <testcase classname="Execution.adminPageTest" name="adminHeaderSiteLinks" time="2.623"/>
  <system-out/>
  <testcase classname="Execution.adminPageTest" name="headerAdminHomeLinks" time="3.411"/>
  <system-out/>
  <testcase classname="Execution.adminPageTest" name="headerAdminUserAccessGroups" time="1.887"/>
  <system-out/>
  <testcase classname="Execution.adminPageTest" name="adminUserAccessGroupsLink" time="2.638"/>
  <system-out/>
  <testcase classname="Execution.adminPageTest" name="adminServiceChiefsLabel" time="2.921"/>
  <system-out/>
  <testcase classname="Execution.adminPageTest" name="adminWorkflowEditorButton" time="2.691"/>
  <system-out/>
  <testcase classname="Execution.adminPageTest" name="adminFormEditorButton" time="3.189"/>
  <system-out/>
  <testcase classname="Execution.adminPageTest" name="adminLeafLibraryButton" time="2.808"/>
  <system-out/>
  <testcase classname="Execution.adminPageTest" name="adminSiteSettingsButton" time="2.852"/>
  <system-out/>
  <testcase classname="Execution.adminPageTest" name="adminReportBuilderButton" time="2.971"/>
  <system-out/>
  <testcase classname="Execution.adminPageTest" name="adminTimelineExplorerButtonl" time="3.687"/>
  <system-out/>
  <testcase classname="Execution.adminPageTest" name="adminTemplateEditorButton" time="3.175"/>
  <system-out/>
  <testcase classname="Execution.adminPageTest" name="adminEmailTemplateEditorButton" time="2.982"/>
  <system-out/>
  <testcase classname="Execution.adminPageTest" name="adminLEAFProgrammerButton" time="2.865"/>
  <system-out/>
  <testcase classname="Execution.adminPageTest" name="adminFileManagerButton" time="2.711"/>
  <system-out/>
  <testcase classname="Execution.adminPageTest" name="adminSearchDatabaseButton" time="2.668"/>
  <system-out/>
  <testcase classname="Execution.adminPageTest" name="adminSyncServicesButton" time="2.962"/>
  <system-out/>
  <testcase classname="Execution.adminPageTest" name="adminUpdateDatabaseButton" time="2.672"/>
  <system-out/>
  <testcase classname="Execution.adminPageTest" name="adminImportSpreadsheetButton" time="3.264"/>
  <system-out/>
  <testcase classname="Execution.adminPageTest" name="adminMassActionsButton" time="2.883"/>
  <system-out/>
  <testcase classname="Execution.adminPageTest" name="adminInitiatorNewAccountButton" time="2.869"/>
  <system-out/>
  <testcase classname="Execution.adminPageTest" name="adminSitemapEditorButton" time="2.880"/>
<<<<<<< Updated upstream
>>>>>>> Stashed changes
=======
>>>>>>> Stashed changes
  <system-out/>
</testsuite> <!-- Execution.adminPageTest -->
