<?xml version="1.0" encoding="UTF-8"?>
<!-- Generated by org.testng.reporters.JUnitReportReporter -->
<testsuite hostname="DESKTOP-OOHKJP3" failures="0" tests="7" name="Execution.___TestcreateNewRequest2" time="9.168" errors="0" timestamp="2021-07-19T15:31:58 CDT" skipped="0">
  <testcase classname="Execution.___TestcreateNewRequest2" name="testForCertPage" time="2.036"/>
  <system-out/>
  <testcase classname="Execution.___TestcreateNewRequest2" name="selectNewRequest2" time="1.274"/>
  <system-out/>
  <testcase classname="Execution.___TestcreateNewRequest2" name="selectService2" time="1.452"/>
  <system-out/>
  <testcase classname="Execution.___TestcreateNewRequest2" name="selectServiceAcuteCare2" time="1.016"/>
  <system-out/>
  <testcase classname="Execution.___TestcreateNewRequest2" name="selectRequestPriority2" time="1.114"/>
  <system-out/>
  <testcase classname="Execution.___TestcreateNewRequest2" name="selectRequestNormalPriority2" time="1.110"/>
  <system-out/>
  <testcase classname="Execution.___TestcreateNewRequest2" name="inputRequestTitle2" time="1.166"/>
  <system-out/>
</testsuite> <!-- Execution.___TestcreateNewRequest2 -->
