<?xml version="1.0" encoding="UTF-8"?>
<!-- Generated by org.testng.reporters.JUnitReportReporter -->
<testsuite hostname="DESKTOP-OOHKJP3" failures="0" tests="26" name="Execution.adminPageTest" time="68.513" errors="0" timestamp="2021-06-30T09:21:00 CDT" skipped="0">
  <testcase classname="Execution.adminPageTest" name="testForCertPage" time="0.536"/>
  <system-out/>
  <testcase classname="Execution.adminPageTest" name="verifyAdminPageTitle" time="0.017"/>
  <system-out/>
  <testcase classname="Execution.adminPageTest" name="adminHeaderHome" time="2.513"/>
  <system-out/>
  <testcase classname="Execution.adminPageTest" name="adminHeaderReportBuilder" time="3.152"/>
  <system-out/>
  <testcase classname="Execution.adminPageTest" name="adminHeaderSiteLinks" time="2.611"/>
  <system-out/>
  <testcase classname="Execution.adminPageTest" name="headerAdminHomeLinks" time="3.329"/>
  <system-out/>
  <testcase classname="Execution.adminPageTest" name="headerAdminUserAccessGroups" time="1.687"/>
  <system-out/>
  <testcase classname="Execution.adminPageTest" name="adminUserAccessGroupsLink" time="2.660"/>
  <system-out/>
  <testcase classname="Execution.adminPageTest" name="adminServiceChiefsLabel" time="2.711"/>
  <system-out/>
  <testcase classname="Execution.adminPageTest" name="adminWorkflowEditorButton" time="2.252"/>
  <system-out/>
  <testcase classname="Execution.adminPageTest" name="adminFormEditorButton" time="2.803"/>
  <system-out/>
  <testcase classname="Execution.adminPageTest" name="adminLeafLibraryButton" time="2.664"/>
  <system-out/>
  <testcase classname="Execution.adminPageTest" name="adminSiteSettingsButton" time="2.665"/>
  <system-out/>
  <testcase classname="Execution.adminPageTest" name="adminReportBuilderButton" time="2.695"/>
  <system-out/>
  <testcase classname="Execution.adminPageTest" name="adminTimelineExplorerButtonl" time="5.584"/>
  <system-out/>
  <testcase classname="Execution.adminPageTest" name="adminTemplateEditorButton" time="2.906"/>
  <system-out/>
  <testcase classname="Execution.adminPageTest" name="adminEmailTemplateEditorButton" time="2.728"/>
  <system-out/>
  <testcase classname="Execution.adminPageTest" name="adminLEAFProgrammerButton" time="2.772"/>
  <system-out/>
  <testcase classname="Execution.adminPageTest" name="adminFileManagerButton" time="2.994"/>
  <system-out/>
  <testcase classname="Execution.adminPageTest" name="adminSearchDatabaseButton" time="2.720"/>
  <system-out/>
  <testcase classname="Execution.adminPageTest" name="adminSyncServicesButton" time="2.587"/>
  <system-out/>
  <testcase classname="Execution.adminPageTest" name="adminUpdateDatabaseButton" time="2.575"/>
  <system-out/>
  <testcase classname="Execution.adminPageTest" name="adminImportSpreadsheetButton" time="3.365"/>
  <system-out/>
  <testcase classname="Execution.adminPageTest" name="adminMassActionsButton" time="2.660"/>
  <system-out/>
  <testcase classname="Execution.adminPageTest" name="adminInitiatorNewAccountButton" time="2.598"/>
  <system-out/>
  <testcase classname="Execution.adminPageTest" name="adminSitemapEditorButton" time="2.729"/>
  <system-out/>
</testsuite> <!-- Execution.adminPageTest -->
