<?xml version="1.0" encoding="UTF-8"?>
<!-- Generated by org.testng.reporters.JUnitReportReporter -->
<testsuite hostname="DESKTOP-OOHKJP3" failures="0" tests="5" name="Execution.orgChartWorkflow" time="13.390" errors="0" timestamp="2021-07-20T16:36:23 CDT" skipped="0">
  <testcase classname="Execution.orgChartWorkflow" name="testForCertPage" time="2.038"/>
  <system-out/>
  <testcase classname="Execution.orgChartWorkflow" name="searchByEmployee" time="3.934"/>
  <system-out/>
  <testcase classname="Execution.orgChartWorkflow" name="verifySearchByEmployee" time="0.536"/>
  <system-out/>
  <testcase classname="Execution.orgChartWorkflow" name="searchByPosition" time="6.586"/>
  <system-out/>
  <testcase classname="Execution.orgChartWorkflow" name="verifySearchByPosition" time="0.296"/>
  <system-out/>
</testsuite> <!-- Execution.orgChartWorkflow -->
