<?xml version="1.0" encoding="UTF-8"?>
<!-- Generated by org.testng.reporters.JUnitReportReporter -->
<<<<<<< Updated upstream
<testsuite hostname="DESKTOP-OOHKJP3" failures="0" tests="62" name="Execution.adminUserAccessTest" time="130.226" errors="0" timestamp="2021-07-14T14:09:38 CDT" skipped="0">
  <testcase classname="Execution.adminUserAccessTest" name="testForCertPage" time="2.645"/>
  <system-out/>
  <testcase classname="Execution.adminUserAccessTest" name="userAccessHeaderHome" time="2.257"/>
  <system-out/>
  <testcase classname="Execution.adminUserAccessTest" name="userAccessHeaderReportBuilder" time="2.295"/>
  <system-out/>
  <testcase classname="Execution.adminUserAccessTest" name="userAccessHeaderSiteLinks" time="1.619"/>
  <system-out/>
  <testcase classname="Execution.adminUserAccessTest" name="userAccessHeaderHomeLinks" time="2.779"/>
  <system-out/>
  <testcase classname="Execution.adminUserAccessTest" name="filterByGroup" time="1.589"/>
  <system-out/>
  <testcase classname="Execution.adminUserAccessTest" name="filterByGroupClear" time="0.779"/>
  <system-out/>
  <testcase classname="Execution.adminUserAccessTest" name="filterByName1" time="1.978"/>
  <system-out/>
  <testcase classname="Execution.adminUserAccessTest" name="selectedSysAdmin" time="1.035"/>
  <system-out/>
  <testcase classname="Execution.adminUserAccessTest" name="clickHistory" time="1.909"/>
  <system-out/>
  <testcase classname="Execution.adminUserAccessTest" name="closeHistory" time="1.559"/>
  <system-out/>
  <testcase classname="Execution.adminUserAccessTest" name="cancelPopUpMenu" time="2.112"/>
  <system-out/>
  <testcase classname="Execution.adminUserAccessTest" name="filterByName2" time="4.241"/>
  <system-out/>
  <testcase classname="Execution.adminUserAccessTest" name="selectedSysAdmin2" time="2.538"/>
  <system-out/>
  <testcase classname="Execution.adminUserAccessTest" name="inputAdminCandidate" time="1.951"/>
  <system-out/>
  <testcase classname="Execution.adminUserAccessTest" name="selectAdminCandidate" time="2.558"/>
  <system-out/>
  <testcase classname="Execution.adminUserAccessTest" name="clickAddAdministrator" time="2.626"/>
  <system-out/>
  <testcase classname="Execution.adminUserAccessTest" name="recallSysAdminDialogue" time="2.568"/>
  <system-out/>
  <testcase classname="Execution.adminUserAccessTest" name="verifyAddAdministrator" time="2.559"/>
  <system-out/>
  <testcase classname="Execution.adminUserAccessTest" name="removeAddedAdministrator" time="2.587"/>
  <system-out/>
  <testcase classname="Execution.adminUserAccessTest" name="clickLeftMenuSysAdmins" time="1.629"/>
  <system-out/>
  <testcase classname="Execution.adminUserAccessTest" name="clickLeftUserGroups" time="1.610"/>
  <system-out/>
  <testcase classname="Execution.adminUserAccessTest" name="clickLeftMenuAllGroups" time="1.620"/>
  <system-out/>
  <testcase classname="Execution.adminUserAccessTest" name="clickLeftMenuCreateGroup" time="1.615"/>
  <system-out/>
  <testcase classname="Execution.adminUserAccessTest" name="inputGroupTitle" time="8.376"/>
  <system-out/>
  <testcase classname="Execution.adminUserAccessTest" name="clickSaveButton" time="1.528"/>
  <system-out/>
  <testcase classname="Execution.adminUserAccessTest" name="getNewlyCreatedUserGroup" time="1.612"/>
  <system-out/>
  <testcase classname="Execution.adminUserAccessTest" name="findMemberInputBox" time="2.760"/>
  <system-out/>
  <testcase classname="Execution.adminUserAccessTest" name="selectGroupMember" time="1.590"/>
  <system-out/>
  <testcase classname="Execution.adminUserAccessTest" name="saveNameToGroup1" time="1.590"/>
  <system-out/>
  <testcase classname="Execution.adminUserAccessTest" name="getNewlyCreatedUserGroup2" time="1.573"/>
  <system-out/>
  <testcase classname="Execution.adminUserAccessTest" name="findMemberInputBox2" time="2.916"/>
  <system-out/>
  <testcase classname="Execution.adminUserAccessTest" name="selectGroupMember2" time="1.562"/>
  <system-out/>
  <testcase classname="Execution.adminUserAccessTest" name="saveNameToGroup2" time="1.654"/>
  <system-out/>
  <testcase classname="Execution.adminUserAccessTest" name="getNewlyCreatedUserGroup3" time="1.595"/>
  <system-out/>
  <testcase classname="Execution.adminUserAccessTest" name="getGroupMember1" time="2.576"/>
  <system-out/>
  <testcase classname="Execution.adminUserAccessTest" name="removeGroupMember1" time="2.645"/>
  <system-out/>
  <testcase classname="Execution.adminUserAccessTest" name="getNewlyCreatedUserGroup4" time="1.577"/>
  <system-out/>
  <testcase classname="Execution.adminUserAccessTest" name="deleteUserGroup" time="1.623"/>
  <system-out/>
  <testcase classname="Execution.adminUserAccessTest" name="cancelDeleteUserGroup" time="1.588"/>
  <system-out/>
  <testcase classname="Execution.adminUserAccessTest" name="deleteUserGroup2" time="1.549"/>
  <system-out/>
  <testcase classname="Execution.adminUserAccessTest" name="confirmDeleteUserGroup" time="1.603"/>
  <system-out/>
  <testcase classname="Execution.adminUserAccessTest" name="selectImportGroup" time="1.642"/>
  <system-out/>
  <testcase classname="Execution.adminUserAccessTest" name="cancelDialogueBox" time="1.510"/>
  <system-out/>
  <testcase classname="Execution.adminUserAccessTest" name="selectImportGroup2" time="1.558"/>
  <system-out/>
  <testcase classname="Execution.adminUserAccessTest" name="inputImportGroupTitle" time="5.210"/>
  <system-out/>
  <testcase classname="Execution.adminUserAccessTest" name="selectGroupBasedOnSearch" time="1.616"/>
  <system-out/>
  <testcase classname="Execution.adminUserAccessTest" name="selectImportedGroupOnPage" time="1.522"/>
  <system-out/>
  <testcase classname="Execution.adminUserAccessTest" name="inputImportGroupMember1" time="3.150"/>
  <system-out/>
  <testcase classname="Execution.adminUserAccessTest" name="saveGroup" time="1.637"/>
  <system-out/>
  <testcase classname="Execution.adminUserAccessTest" name="selectImportedGroupOnPage2" time="1.521"/>
  <system-out/>
  <testcase classname="Execution.adminUserAccessTest" name="inputImportGroupMember2" time="4.772"/>
  <system-out/>
  <testcase classname="Execution.adminUserAccessTest" name="saveGroup2" time="1.446"/>
  <system-out/>
  <testcase classname="Execution.adminUserAccessTest" name="selectImportedGroup" time="1.551"/>
  <system-out/>
  <testcase classname="Execution.adminUserAccessTest" name="viewHistory" time="1.537"/>
  <system-out/>
  <testcase classname="Execution.adminUserAccessTest" name="closeViewHistory" time="1.614"/>
  <system-out/>
  <testcase classname="Execution.adminUserAccessTest" name="deleteUserGroup3" time="1.541"/>
  <system-out/>
  <testcase classname="Execution.adminUserAccessTest" name="confirmDeleteUserGroup4" time="1.576"/>
  <system-out/>
  <testcase classname="Execution.adminUserAccessTest" name="runDeleteUserGroup" time="1.505"/>
  <system-out/>
  <testcase classname="Execution.adminUserAccessTest" name="confirmDeleteUserGroup2" time="1.566"/>
  <system-out/>
  <testcase classname="Execution.adminUserAccessTest" name="clickedLeftMenuShowHistory" time="1.595"/>
  <system-out/>
  <testcase classname="Execution.adminUserAccessTest" name="closeShowHistory" time="1.582"/>
=======
<testsuite hostname="DESKTOP-OOHKJP3" failures="0" tests="62" name="Execution.adminUserAccessTest" time="130.293" errors="0" timestamp="2021-07-21T08:44:55 CDT" skipped="0">
  <testcase classname="Execution.adminUserAccessTest" name="testForCertPage" time="2.948"/>
  <system-out/>
  <testcase classname="Execution.adminUserAccessTest" name="userAccessHeaderHome" time="2.336"/>
  <system-out/>
  <testcase classname="Execution.adminUserAccessTest" name="userAccessHeaderReportBuilder" time="2.356"/>
  <system-out/>
  <testcase classname="Execution.adminUserAccessTest" name="userAccessHeaderSiteLinks" time="1.607"/>
  <system-out/>
  <testcase classname="Execution.adminUserAccessTest" name="userAccessHeaderHomeLinks" time="2.824"/>
  <system-out/>
  <testcase classname="Execution.adminUserAccessTest" name="filterByGroup" time="1.492"/>
  <system-out/>
  <testcase classname="Execution.adminUserAccessTest" name="filterByGroupClear" time="0.797"/>
  <system-out/>
  <testcase classname="Execution.adminUserAccessTest" name="filterByName1" time="1.999"/>
  <system-out/>
  <testcase classname="Execution.adminUserAccessTest" name="selectedSysAdmin" time="1.025"/>
  <system-out/>
  <testcase classname="Execution.adminUserAccessTest" name="clickHistory" time="1.896"/>
  <system-out/>
  <testcase classname="Execution.adminUserAccessTest" name="closeHistory" time="1.571"/>
  <system-out/>
  <testcase classname="Execution.adminUserAccessTest" name="cancelPopUpMenu" time="2.086"/>
  <system-out/>
  <testcase classname="Execution.adminUserAccessTest" name="filterByName2" time="4.413"/>
  <system-out/>
  <testcase classname="Execution.adminUserAccessTest" name="selectedSysAdmin2" time="2.651"/>
  <system-out/>
  <testcase classname="Execution.adminUserAccessTest" name="inputAdminCandidate" time="2.172"/>
  <system-out/>
  <testcase classname="Execution.adminUserAccessTest" name="selectAdminCandidate" time="2.617"/>
  <system-out/>
  <testcase classname="Execution.adminUserAccessTest" name="clickAddAdministrator" time="2.629"/>
  <system-out/>
  <testcase classname="Execution.adminUserAccessTest" name="recallSysAdminDialogue" time="2.601"/>
  <system-out/>
  <testcase classname="Execution.adminUserAccessTest" name="verifyAddAdministrator" time="2.545"/>
  <system-out/>
  <testcase classname="Execution.adminUserAccessTest" name="removeAddedAdministrator" time="2.635"/>
  <system-out/>
  <testcase classname="Execution.adminUserAccessTest" name="clickLeftMenuSysAdmins" time="1.447"/>
  <system-out/>
  <testcase classname="Execution.adminUserAccessTest" name="clickLeftUserGroups" time="1.444"/>
  <system-out/>
  <testcase classname="Execution.adminUserAccessTest" name="clickLeftMenuAllGroups" time="1.429"/>
  <system-out/>
  <testcase classname="Execution.adminUserAccessTest" name="clickLeftMenuCreateGroup" time="1.443"/>
  <system-out/>
  <testcase classname="Execution.adminUserAccessTest" name="inputGroupTitle" time="7.948"/>
  <system-out/>
  <testcase classname="Execution.adminUserAccessTest" name="clickSaveButton" time="1.545"/>
  <system-out/>
  <testcase classname="Execution.adminUserAccessTest" name="getNewlyCreatedUserGroup" time="1.613"/>
  <system-out/>
  <testcase classname="Execution.adminUserAccessTest" name="findMemberInputBox" time="2.941"/>
  <system-out/>
  <testcase classname="Execution.adminUserAccessTest" name="selectGroupMember" time="1.618"/>
  <system-out/>
  <testcase classname="Execution.adminUserAccessTest" name="saveNameToGroup1" time="1.628"/>
  <system-out/>
  <testcase classname="Execution.adminUserAccessTest" name="getNewlyCreatedUserGroup2" time="1.529"/>
  <system-out/>
  <testcase classname="Execution.adminUserAccessTest" name="findMemberInputBox2" time="2.893"/>
  <system-out/>
  <testcase classname="Execution.adminUserAccessTest" name="selectGroupMember2" time="1.612"/>
  <system-out/>
  <testcase classname="Execution.adminUserAccessTest" name="saveNameToGroup2" time="1.506"/>
  <system-out/>
  <testcase classname="Execution.adminUserAccessTest" name="getNewlyCreatedUserGroup3" time="1.574"/>
  <system-out/>
  <testcase classname="Execution.adminUserAccessTest" name="getGroupMember1" time="2.561"/>
  <system-out/>
  <testcase classname="Execution.adminUserAccessTest" name="removeGroupMember1" time="2.588"/>
  <system-out/>
  <testcase classname="Execution.adminUserAccessTest" name="getNewlyCreatedUserGroup4" time="1.569"/>
  <system-out/>
  <testcase classname="Execution.adminUserAccessTest" name="deleteUserGroup" time="1.646"/>
  <system-out/>
  <testcase classname="Execution.adminUserAccessTest" name="cancelDeleteUserGroup" time="1.529"/>
  <system-out/>
  <testcase classname="Execution.adminUserAccessTest" name="deleteUserGroup2" time="1.585"/>
  <system-out/>
  <testcase classname="Execution.adminUserAccessTest" name="confirmDeleteUserGroup" time="1.642"/>
  <system-out/>
  <testcase classname="Execution.adminUserAccessTest" name="selectImportGroup" time="1.576"/>
  <system-out/>
  <testcase classname="Execution.adminUserAccessTest" name="cancelDialogueBox" time="1.614"/>
  <system-out/>
  <testcase classname="Execution.adminUserAccessTest" name="selectImportGroup2" time="1.563"/>
  <system-out/>
  <testcase classname="Execution.adminUserAccessTest" name="inputImportGroupTitle" time="5.112"/>
  <system-out/>
  <testcase classname="Execution.adminUserAccessTest" name="selectGroupBasedOnSearch" time="1.621"/>
  <system-out/>
  <testcase classname="Execution.adminUserAccessTest" name="selectImportedGroupOnPage" time="1.615"/>
  <system-out/>
  <testcase classname="Execution.adminUserAccessTest" name="inputImportGroupMember1" time="3.147"/>
  <system-out/>
  <testcase classname="Execution.adminUserAccessTest" name="saveGroup" time="1.641"/>
  <system-out/>
  <testcase classname="Execution.adminUserAccessTest" name="selectImportedGroupOnPage2" time="1.551"/>
  <system-out/>
  <testcase classname="Execution.adminUserAccessTest" name="inputImportGroupMember2" time="4.697"/>
  <system-out/>
  <testcase classname="Execution.adminUserAccessTest" name="saveGroup2" time="1.592"/>
  <system-out/>
  <testcase classname="Execution.adminUserAccessTest" name="selectImportedGroup" time="1.474"/>
  <system-out/>
  <testcase classname="Execution.adminUserAccessTest" name="viewHistory" time="1.481"/>
  <system-out/>
  <testcase classname="Execution.adminUserAccessTest" name="closeViewHistory" time="1.591"/>
  <system-out/>
  <testcase classname="Execution.adminUserAccessTest" name="deleteUserGroup3" time="1.583"/>
  <system-out/>
  <testcase classname="Execution.adminUserAccessTest" name="confirmDeleteUserGroup4" time="1.589"/>
  <system-out/>
  <testcase classname="Execution.adminUserAccessTest" name="runDeleteUserGroup" time="1.530"/>
  <system-out/>
  <testcase classname="Execution.adminUserAccessTest" name="confirmDeleteUserGroup2" time="1.566"/>
  <system-out/>
  <testcase classname="Execution.adminUserAccessTest" name="clickedLeftMenuShowHistory" time="1.638"/>
  <system-out/>
  <testcase classname="Execution.adminUserAccessTest" name="closeShowHistory" time="1.622"/>
>>>>>>> Stashed changes
  <system-out/>
</testsuite> <!-- Execution.adminUserAccessTest -->
