<?xml version="1.0" encoding="UTF-8"?>
<!-- Generated by org.testng.reporters.JUnitReportReporter -->
<testsuite hostname="DESKTOP-OOHKJP3" failures="0" tests="9" name="Execution.createNewRequest" time="15.986" errors="0" timestamp="2021-06-30T09:21:00 CDT" skipped="0">
  <testcase classname="Execution.createNewRequest" name="testForCertPage" time="0.545"/>
  <system-out/>
  <testcase classname="Execution.createNewRequest" name="selectNewRequest" time="1.305"/>
  <system-out/>
  <testcase classname="Execution.createNewRequest" name="selectService" time="2.608"/>
  <system-out/>
  <testcase classname="Execution.createNewRequest" name="selectServiceAcuteCare" time="1.611"/>
  <system-out/>
  <testcase classname="Execution.createNewRequest" name="selectRequestPriority" time="1.515"/>
  <system-out/>
  <testcase classname="Execution.createNewRequest" name="selectRequestNormalPriority" time="1.547"/>
  <system-out/>
  <testcase classname="Execution.createNewRequest" name="inputRequestTitle" time="2.583"/>
  <system-out/>
  <testcase classname="Execution.createNewRequest" name="selectMultiRequirementChkBox" time="2.076"/>
  <system-out/>
  <testcase classname="Execution.createNewRequest" name="selectClickToProceedButton" time="2.196"/>
  <system-out/>
</testsuite> <!-- Execution.createNewRequest -->
