<?xml version="1.0" encoding="UTF-8"?>
<!-- Generated by org.testng.reporters.JUnitReportReporter -->
<testsuite hostname="DESKTOP-OOHKJP3" failures="0" tests="3" name="Execution.reportBuilderWorkflow" time="5.146" errors="0" timestamp="2021-07-21T16:01:33 CDT" skipped="0">
  <testcase classname="Execution.reportBuilderWorkflow" name="testForCertPage" time="1.968"/>
  <system-out/>
  <testcase classname="Execution.reportBuilderWorkflow" name="clickReportBuilder" time="1.491"/>
  <system-out/>
  <testcase classname="Execution.reportBuilderWorkflow" name="inputTextBox01" time="1.687"/>
  <system-out/>
</testsuite> <!-- Execution.reportBuilderWorkflow -->
